<?xml version="1.0" encoding="UTF-8"?>
<testsuite name="com.miageapp.studylink_api.StudylinkApiApplicationTests" tests="1" skipped="0" failures="0" errors="0" timestamp="2022-10-30T13:56:29" hostname="MacBook-Air-de-de.local" time="0.881">
  <properties/>
  <testcase name="contextLoads()" classname="com.miageapp.studylink_api.StudylinkApiApplicationTests" time="0.881"/>
  <system-out><![CDATA[14:56:20.177 [Test worker] DEBUG org.springframework.test.context.BootstrapUtils - Instantiating CacheAwareContextLoaderDelegate from class [org.springframework.test.context.cache.DefaultCacheAwareContextLoaderDelegate]
14:56:20.207 [Test worker] DEBUG org.springframework.test.context.BootstrapUtils - Instantiating BootstrapContext using constructor [public org.springframework.test.context.support.DefaultBootstrapContext(java.lang.Class,org.springframework.test.context.CacheAwareContextLoaderDelegate)]
14:56:20.283 [Test worker] DEBUG org.springframework.test.context.BootstrapUtils - Instantiating TestContextBootstrapper for test class [com.miageapp.studylink_api.StudylinkApiApplicationTests] from class [org.springframework.boot.test.context.SpringBootTestContextBootstrapper]
14:56:20.300 [Test worker] INFO org.springframework.boot.test.context.SpringBootTestContextBootstrapper - Neither @ContextConfiguration nor @ContextHierarchy found for test class [com.miageapp.studylink_api.StudylinkApiApplicationTests], using SpringBootContextLoader
14:56:20.304 [Test worker] DEBUG org.springframework.test.context.support.AbstractContextLoader - Did not detect default resource location for test class [com.miageapp.studylink_api.StudylinkApiApplicationTests]: class path resource [com/miageapp/studylink_api/StudylinkApiApplicationTests-context.xml] does not exist
14:56:20.305 [Test worker] DEBUG org.springframework.test.context.support.AbstractContextLoader - Did not detect default resource location for test class [com.miageapp.studylink_api.StudylinkApiApplicationTests]: class path resource [com/miageapp/studylink_api/StudylinkApiApplicationTestsContext.groovy] does not exist
14:56:20.305 [Test worker] INFO org.springframework.test.context.support.AbstractContextLoader - Could not detect default resource locations for test class [com.miageapp.studylink_api.StudylinkApiApplicationTests]: no resource found for suffixes {-context.xml, Context.groovy}.
14:56:20.307 [Test worker] INFO org.springframework.test.context.support.AnnotationConfigContextLoaderUtils - Could not detect default configuration classes for test class [com.miageapp.studylink_api.StudylinkApiApplicationTests]: StudylinkApiApplicationTests does not declare any static, non-private, non-final, nested classes annotated with @Configuration.
14:56:20.395 [Test worker] DEBUG org.springframework.test.context.support.ActiveProfilesUtils - Could not find an 'annotation declaring class' for annotation type [org.springframework.test.context.ActiveProfiles] and class [com.miageapp.studylink_api.StudylinkApiApplicationTests]
14:56:20.496 [Test worker] DEBUG org.springframework.context.annotation.ClassPathScanningCandidateComponentProvider - Identified candidate component class: file [/Users/clementdemiribel/Desktop/Devops/studylink/studylink_api/build/classes/java/main/com/miageapp/studylink_api/StudylinkApiApplication.class]
14:56:20.519 [Test worker] INFO org.springframework.boot.test.context.SpringBootTestContextBootstrapper - Found @SpringBootConfiguration com.miageapp.studylink_api.StudylinkApiApplication for test class com.miageapp.studylink_api.StudylinkApiApplicationTests
14:56:20.666 [Test worker] DEBUG org.springframework.boot.test.context.SpringBootTestContextBootstrapper - @TestExecutionListeners is not present for class [com.miageapp.studylink_api.StudylinkApiApplicationTests]: using defaults.
14:56:20.667 [Test worker] INFO org.springframework.boot.test.context.SpringBootTestContextBootstrapper - Loaded default TestExecutionListener class names from location [META-INF/spring.factories]: [org.springframework.boot.test.autoconfigure.restdocs.RestDocsTestExecutionListener, org.springframework.boot.test.autoconfigure.web.client.MockRestServiceServerResetTestExecutionListener, org.springframework.boot.test.autoconfigure.web.servlet.MockMvcPrintOnlyOnFailureTestExecutionListener, org.springframework.boot.test.autoconfigure.web.servlet.WebDriverTestExecutionListener, org.springframework.boot.test.autoconfigure.webservices.client.MockWebServiceServerTestExecutionListener, org.springframework.boot.test.mock.mockito.MockitoTestExecutionListener, org.springframework.boot.test.mock.mockito.ResetMocksTestExecutionListener, org.springframework.test.context.web.ServletTestExecutionListener, org.springframework.test.context.support.DirtiesContextBeforeModesTestExecutionListener, org.springframework.test.context.event.ApplicationEventsTestExecutionListener, org.springframework.test.context.support.DependencyInjectionTestExecutionListener, org.springframework.test.context.support.DirtiesContextTestExecutionListener, org.springframework.test.context.transaction.TransactionalTestExecutionListener, org.springframework.test.context.jdbc.SqlScriptsTestExecutionListener, org.springframework.test.context.event.EventPublishingTestExecutionListener]
14:56:20.702 [Test worker] INFO org.springframework.boot.test.context.SpringBootTestContextBootstrapper - Using TestExecutionListeners: [org.springframework.test.context.web.ServletTestExecutionListener@5b43fbf6, org.springframework.test.context.support.DirtiesContextBeforeModesTestExecutionListener@1080b026, org.springframework.test.context.event.ApplicationEventsTestExecutionListener@58ebfd03, org.springframework.boot.test.mock.mockito.MockitoTestExecutionListener@5b07730f, org.springframework.boot.test.autoconfigure.SpringBootDependencyInjectionTestExecutionListener@1fdfafd2, org.springframework.test.context.support.DirtiesContextTestExecutionListener@a4b2d8f, org.springframework.test.context.transaction.TransactionalTestExecutionListener@dcfda20, org.springframework.test.context.jdbc.SqlScriptsTestExecutionListener@6d304f9d, org.springframework.test.context.event.EventPublishingTestExecutionListener@f73dcd6, org.springframework.boot.test.autoconfigure.restdocs.RestDocsTestExecutionListener@5c87bfe2, org.springframework.boot.test.autoconfigure.web.client.MockRestServiceServerResetTestExecutionListener@2fea7088, org.springframework.boot.test.autoconfigure.web.servlet.MockMvcPrintOnlyOnFailureTestExecutionListener@40499e4f, org.springframework.boot.test.autoconfigure.web.servlet.WebDriverTestExecutionListener@51cd7ffc, org.springframework.boot.test.autoconfigure.webservices.client.MockWebServiceServerTestExecutionListener@30d4b288, org.springframework.boot.test.mock.mockito.ResetMocksTestExecutionListener@4cc6fa2a]
14:56:20.711 [Test worker] DEBUG org.springframework.test.context.support.AbstractDirtiesContextTestExecutionListener - Before test class: context [DefaultTestContext@3b220bcb testClass = StudylinkApiApplicationTests, testInstance = [null], testMethod = [null], testException = [null], mergedContextConfiguration = [WebMergedContextConfiguration@2b95e48b testClass = StudylinkApiApplicationTests, locations = '{}', classes = '{class com.miageapp.studylink_api.StudylinkApiApplication}', contextInitializerClasses = '[]', activeProfiles = '{}', propertySourceLocations = '{}', propertySourceProperties = '{org.springframework.boot.test.context.SpringBootTestContextBootstrapper=true}', contextCustomizers = set[org.springframework.boot.test.autoconfigure.actuate.metrics.MetricsExportContextCustomizerFactory$DisableMetricExportContextCustomizer@3d246ea3, org.springframework.boot.test.autoconfigure.properties.PropertyMappingContextCustomizer@0, org.springframework.boot.test.autoconfigure.web.servlet.WebDriverContextCustomizerFactory$Customizer@51133c06, org.springframework.boot.test.context.filter.ExcludeFilterContextCustomizer@44d52de2, org.springframework.boot.test.json.DuplicateJsonObjectContextCustomizerFactory$DuplicateJsonObjectContextCustomizer@babafc2, org.springframework.boot.test.mock.mockito.MockitoContextCustomizer@0, org.springframework.boot.test.web.client.TestRestTemplateContextCustomizer@d771cc9, org.springframework.boot.test.context.SpringBootTestArgs@1, org.springframework.boot.test.context.SpringBootTestWebEnvironment@37ceb1df], resourceBasePath = 'src/main/webapp', contextLoader = 'org.springframework.boot.test.context.SpringBootContextLoader', parent = [null]], attributes = map['org.springframework.test.context.web.ServletTestExecutionListener.activateListener' -> true]], class annotated with @DirtiesContext [false] with mode [null].

  .   ____          _            __ _ _
 /\\ / ___'_ __ _ _(_)_ __  __ _ \ \ \ \
( ( )\___ | '_ | '_| | '_ \/ _` | \ \ \ \
 \\/  ___)| |_)| | | | | || (_| |  ) ) ) )
  '  |____| .__|_| |_|_| |_\__, | / / / /
 =========|_|==============|___/=/_/_/_/
 :: Spring Boot ::                (v2.7.5)

2022-10-30 14:56:26.314  INFO 55189 --- [    Test worker] c.m.s.StudylinkApiApplicationTests       : Starting StudylinkApiApplicationTests using Java 17.0.4.1 on MacBook-Air-de-de.local with PID 55189 (started by clementdemiribel in /Users/clementdemiribel/Desktop/Devops/studylink/studylink_api)
2022-10-30 14:56:26.318  INFO 55189 --- [    Test worker] c.m.s.StudylinkApiApplicationTests       : No active profile set, falling back to 1 default profile: "default"
2022-10-30 14:56:29.214  INFO 55189 --- [    Test worker] c.m.s.StudylinkApiApplicationTests       : Started StudylinkApiApplicationTests in 8.433 seconds (JVM running for 10.372)
]]></system-out>
  <system-err><![CDATA[]]></system-err>
</testsuite>
