<?xml version="1.0" encoding="UTF-8"?>
<testsuite name="com.miageapp.studylink_api.StudylinkApiApplicationTests" tests="1" skipped="0" failures="0" errors="0" timestamp="2022-10-28T13:59:22" hostname="METL00077" time="0.454">
  <properties/>
  <testcase name="contextLoads()" classname="com.miageapp.studylink_api.StudylinkApiApplicationTests" time="0.454"/>
  <system-out><![CDATA[15:59:19.404 [Test worker] DEBUG org.springframework.test.context.BootstrapUtils - Instantiating CacheAwareContextLoaderDelegate from class [org.springframework.test.context.cache.DefaultCacheAwareContextLoaderDelegate]
15:59:19.414 [Test worker] DEBUG org.springframework.test.context.BootstrapUtils - Instantiating BootstrapContext using constructor [public org.springframework.test.context.support.DefaultBootstrapContext(java.lang.Class,org.springframework.test.context.CacheAwareContextLoaderDelegate)]
15:59:19.445 [Test worker] DEBUG org.springframework.test.context.BootstrapUtils - Instantiating TestContextBootstrapper for test class [com.miageapp.studylink_api.StudylinkApiApplicationTests] from class [org.springframework.boot.test.context.SpringBootTestContextBootstrapper]
15:59:19.458 [Test worker] INFO org.springframework.boot.test.context.SpringBootTestContextBootstrapper - Neither @ContextConfiguration nor @ContextHierarchy found for test class [com.miageapp.studylink_api.StudylinkApiApplicationTests], using SpringBootContextLoader
15:59:19.463 [Test worker] DEBUG org.springframework.test.context.support.AbstractContextLoader - Did not detect default resource location for test class [com.miageapp.studylink_api.StudylinkApiApplicationTests]: class path resource [com/miageapp/studylink_api/StudylinkApiApplicationTests-context.xml] does not exist
15:59:19.463 [Test worker] DEBUG org.springframework.test.context.support.AbstractContextLoader - Did not detect default resource location for test class [com.miageapp.studylink_api.StudylinkApiApplicationTests]: class path resource [com/miageapp/studylink_api/StudylinkApiApplicationTestsContext.groovy] does not exist
15:59:19.464 [Test worker] INFO org.springframework.test.context.support.AbstractContextLoader - Could not detect default resource locations for test class [com.miageapp.studylink_api.StudylinkApiApplicationTests]: no resource found for suffixes {-context.xml, Context.groovy}.
15:59:19.465 [Test worker] INFO org.springframework.test.context.support.AnnotationConfigContextLoaderUtils - Could not detect default configuration classes for test class [com.miageapp.studylink_api.StudylinkApiApplicationTests]: StudylinkApiApplicationTests does not declare any static, non-private, non-final, nested classes annotated with @Configuration.
15:59:19.512 [Test worker] DEBUG org.springframework.test.context.support.ActiveProfilesUtils - Could not find an 'annotation declaring class' for annotation type [org.springframework.test.context.ActiveProfiles] and class [com.miageapp.studylink_api.StudylinkApiApplicationTests]
15:59:19.569 [Test worker] DEBUG org.springframework.context.annotation.ClassPathScanningCandidateComponentProvider - Identified candidate component class: file [C:\Users\dany.abouadaou\Documents\! M1\DevOps\studylink\studylink_api\build\classes\java\main\com\miageapp\studylink_api\StudylinkApiApplication.class]
15:59:19.582 [Test worker] INFO org.springframework.boot.test.context.SpringBootTestContextBootstrapper - Found @SpringBootConfiguration com.miageapp.studylink_api.StudylinkApiApplication for test class com.miageapp.studylink_api.StudylinkApiApplicationTests
15:59:19.713 [Test worker] DEBUG org.springframework.boot.test.context.SpringBootTestContextBootstrapper - @TestExecutionListeners is not present for class [com.miageapp.studylink_api.StudylinkApiApplicationTests]: using defaults.
15:59:19.714 [Test worker] INFO org.springframework.boot.test.context.SpringBootTestContextBootstrapper - Loaded default TestExecutionListener class names from location [META-INF/spring.factories]: [org.springframework.boot.test.autoconfigure.restdocs.RestDocsTestExecutionListener, org.springframework.boot.test.autoconfigure.web.client.MockRestServiceServerResetTestExecutionListener, org.springframework.boot.test.autoconfigure.web.servlet.MockMvcPrintOnlyOnFailureTestExecutionListener, org.springframework.boot.test.autoconfigure.web.servlet.WebDriverTestExecutionListener, org.springframework.boot.test.autoconfigure.webservices.client.MockWebServiceServerTestExecutionListener, org.springframework.boot.test.mock.mockito.MockitoTestExecutionListener, org.springframework.boot.test.mock.mockito.ResetMocksTestExecutionListener, org.springframework.test.context.web.ServletTestExecutionListener, org.springframework.test.context.support.DirtiesContextBeforeModesTestExecutionListener, org.springframework.test.context.event.ApplicationEventsTestExecutionListener, org.springframework.test.context.support.DependencyInjectionTestExecutionListener, org.springframework.test.context.support.DirtiesContextTestExecutionListener, org.springframework.test.context.transaction.TransactionalTestExecutionListener, org.springframework.test.context.jdbc.SqlScriptsTestExecutionListener, org.springframework.test.context.event.EventPublishingTestExecutionListener]
15:59:19.735 [Test worker] INFO org.springframework.boot.test.context.SpringBootTestContextBootstrapper - Using TestExecutionListeners: [org.springframework.test.context.web.ServletTestExecutionListener@32f0fba8, org.springframework.test.context.support.DirtiesContextBeforeModesTestExecutionListener@545de5a4, org.springframework.test.context.event.ApplicationEventsTestExecutionListener@29ef6856, org.springframework.boot.test.mock.mockito.MockitoTestExecutionListener@ab7a938, org.springframework.boot.test.autoconfigure.SpringBootDependencyInjectionTestExecutionListener@3faf2e7d, org.springframework.test.context.support.DirtiesContextTestExecutionListener@4648ce9, org.springframework.test.context.transaction.TransactionalTestExecutionListener@569bf9eb, org.springframework.test.context.jdbc.SqlScriptsTestExecutionListener@61526469, org.springframework.test.context.event.EventPublishingTestExecutionListener@274872f8, org.springframework.boot.test.autoconfigure.restdocs.RestDocsTestExecutionListener@76ba13c, org.springframework.boot.test.autoconfigure.web.client.MockRestServiceServerResetTestExecutionListener@eb6449b, org.springframework.boot.test.autoconfigure.web.servlet.MockMvcPrintOnlyOnFailureTestExecutionListener@7c351808, org.springframework.boot.test.autoconfigure.web.servlet.WebDriverTestExecutionListener@180e6ac4, org.springframework.boot.test.autoconfigure.webservices.client.MockWebServiceServerTestExecutionListener@42b64ab8, org.springframework.boot.test.mock.mockito.ResetMocksTestExecutionListener@7e985ce9]
15:59:19.739 [Test worker] DEBUG org.springframework.test.context.support.AbstractDirtiesContextTestExecutionListener - Before test class: context [DefaultTestContext@3c0fae6c testClass = StudylinkApiApplicationTests, testInstance = [null], testMethod = [null], testException = [null], mergedContextConfiguration = [WebMergedContextConfiguration@4c168660 testClass = StudylinkApiApplicationTests, locations = '{}', classes = '{class com.miageapp.studylink_api.StudylinkApiApplication}', contextInitializerClasses = '[]', activeProfiles = '{}', propertySourceLocations = '{}', propertySourceProperties = '{org.springframework.boot.test.context.SpringBootTestContextBootstrapper=true}', contextCustomizers = set[org.springframework.boot.test.autoconfigure.actuate.metrics.MetricsExportContextCustomizerFactory$DisableMetricExportContextCustomizer@676cf48, org.springframework.boot.test.autoconfigure.properties.PropertyMappingContextCustomizer@0, org.springframework.boot.test.autoconfigure.web.servlet.WebDriverContextCustomizerFactory$Customizer@48e92c5c, org.springframework.boot.test.context.filter.ExcludeFilterContextCustomizer@34f22f9d, org.springframework.boot.test.json.DuplicateJsonObjectContextCustomizerFactory$DuplicateJsonObjectContextCustomizer@344f4dea, org.springframework.boot.test.mock.mockito.MockitoContextCustomizer@0, org.springframework.boot.test.web.client.TestRestTemplateContextCustomizer@531f4093, org.springframework.boot.test.context.SpringBootTestArgs@1, org.springframework.boot.test.context.SpringBootTestWebEnvironment@1b6e1eff], resourceBasePath = 'src/main/webapp', contextLoader = 'org.springframework.boot.test.context.SpringBootContextLoader', parent = [null]], attributes = map['org.springframework.test.context.web.ServletTestExecutionListener.activateListener' -> true]], class annotated with @DirtiesContext [false] with mode [null].

  .   ____          _            __ _ _
 /\\ / ___'_ __ _ _(_)_ __  __ _ \ \ \ \
( ( )\___ | '_ | '_| | '_ \/ _` | \ \ \ \
 \\/  ___)| |_)| | | | | || (_| |  ) ) ) )
  '  |____| .__|_| |_|_| |_\__, | / / / /
 =========|_|==============|___/=/_/_/_/
 :: Spring Boot ::                (v2.7.5)

2022-10-28 15:59:20.102  INFO 25712 --- [    Test worker] c.m.s.StudylinkApiApplicationTests       : Starting StudylinkApiApplicationTests using Java 17.0.4.1 on METL00077 with PID 25712 (started by dany.abouadaou in C:\Users\dany.abouadaou\Documents\! M1\DevOps\studylink\studylink_api)
2022-10-28 15:59:20.104  INFO 25712 --- [    Test worker] c.m.s.StudylinkApiApplicationTests       : No active profile set, falling back to 1 default profile: "default"
2022-10-28 15:59:21.978  INFO 25712 --- [    Test worker] c.m.s.StudylinkApiApplicationTests       : Started StudylinkApiApplicationTests in 2.186 seconds (JVM running for 3.351)
]]></system-out>
  <system-err><![CDATA[]]></system-err>
</testsuite>
